[2023-11-26 11:10:25] error title is not defined
[2023-11-26 11:25:13] error title is not defined
[2023-11-26 11:29:10] error title is not defined
[2023-11-26 11:29:40] error title is not defined
[2023-11-26 11:42:23] error title is not defined
[2023-11-26 11:42:43] error title is not defined
[2023-11-26 11:43:54] error marca is not defined
[2023-11-26 11:44:25] error marca is not defined
[2023-11-26 11:44:40] error marca is not defined
[2023-11-26 11:44:54] error marca is not defined
[2023-11-26 11:46:23] error Cannot set properties of undefined (setting 'importe')
[2023-11-26 11:47:43] error this.dao.create is not a function
[2023-11-26 11:48:05] error this.dao.create is not a function
[2023-11-26 11:49:38] error this.dao.create is not a function
[2023-11-26 11:51:27] error this.dao.create is not a function
[2023-11-26 11:54:35] error this.dao.create is not a function
[2023-11-26 11:55:30] error this.dao.create is not a function
[2023-11-26 12:04:54] error prodDao.create is not a function
[2023-11-26 14:52:33] error products validation failed: titulo: Path `titulo` is required.
[2023-11-26 14:52:54] error E11000 duplicate key error collection: ecommerce.products index: code_1 dup key: { code: null }
[2023-11-26 14:53:33] error E11000 duplicate key error collection: ecommerce.products index: code_1 dup key: { code: null }
[2023-11-26 14:53:56] error E11000 duplicate key error collection: ecommerce.products index: code_1 dup key: { code: null }
[2023-11-26 14:54:26] error E11000 duplicate key error collection: ecommerce.products index: code_1 dup key: { code: null }
[2023-11-26 14:55:14] error E11000 duplicate key error collection: ecommerce.products index: code_1 dup key: { code: null }
[2023-11-26 14:55:44] error products validation failed: titulo: Path `titulo` is required.
[2023-11-26 14:56:11] error products validation failed: titulo: Path `titulo` is required.
[2023-11-26 14:56:50] error E11000 duplicate key error collection: ecommerce.products index: code_1 dup key: { code: null }
[2023-11-26 14:57:10] error E11000 duplicate key error collection: ecommerce.products index: code_1 dup key: { code: null }
[2023-11-26 16:38:41] error Error en la busqueda de producto por ID
[2023-11-26 16:39:13] error Error en la busqueda de producto por ID
[2023-11-26 16:39:37] error Error en la busqueda de producto por ID
[2023-11-28 04:51:23] error user is not defined
[2023-11-28 04:54:09] error user is not defined
[2023-11-28 05:09:38] error user is not defined
[2023-11-28 05:11:21] error user is not defined
[2023-11-28 05:19:20] error user is not defined
[2023-11-28 05:20:40] error error en el register user.dao data and salt arguments required
[2023-11-28 05:47:49] error en el register en user.controllers
[2023-11-28 05:49:50] error en el register en user.controllers
[2023-11-28 07:14:34] error en el register user.dao users validation failed: first_name: Path `first_name` is required., last_name: Path `last_name` is required., email: Path `email` is required., age: Path `age` is required.
[2023-11-28 07:26:59] error en el register en user.controllers
[2023-11-28 07:27:21] error en el register en user.controllers
[2023-11-28 07:27:27] error en el register en user.controllers
[2023-11-28 07:28:50] error en el register user.dao users validation failed: first_name: Path `first_name` is required., last_name: Path `last_name` is required., email: Path `email` is required., age: Path `age` is required.
[2023-11-28 07:31:18] error en el register en user.controllers
[2023-11-28 08:05:49] error en el register en user.controllers
[2023-11-28 08:08:25] error en el register user.dao users validation failed: first_name: Path `first_name` is required., last_name: Path `last_name` is required., email: Path `email` is required., age: Path `age` is required.
[2023-11-28 08:11:10] error user is not defined
[2023-11-28 08:13:00] error user is not defined
[2023-11-28 08:15:04] error user is not defined
[2023-11-28 08:16:12] error en el register en user.controllers
[2023-11-28 18:09:43] error No recipients defined
[2023-11-28 18:15:17] error No recipients defined
[2023-11-28 18:20:59] error Cannot read properties of undefined (reading 'EMAIL_GMAIL')
[2023-11-28 18:21:33] error Cannot read properties of undefined (reading 'destination')
[2023-11-28 18:24:10] error en el register en user.controllers
[2023-11-28 18:28:00] error en el register en user.controllers
[2023-11-28 19:34:36] error undefined
[2023-11-28 19:38:38] error undefined
[2023-11-28 19:39:25] error undefined
[2023-11-28 19:47:05] error undefined
[2023-11-28 22:59:16] error 🚫Cannot connect to database dbConnectionMongooseError: The `uri` parameter to `openUri()` must be a string, got "undefined". Make sure the first parameter to `mongoose.connect()` or `mongoose.createConnection()` is a string.
[2023-12-03 23:38:21] error E11000 duplicate key error collection: ecommerce.products index: code_1 dup key: { code: null }
[2023-12-03 23:39:41] error E11000 duplicate key error collection: ecommerce.products index: code_1 dup key: { code: null }
[2023-12-03 23:40:25] error E11000 duplicate key error collection: ecommerce.products index: code_1 dup key: { code: null }
[2023-12-03 23:46:11] error E11000 duplicate key error collection: ecommerce.products index: code_1 dup key: { code: null }
[2023-12-03 23:47:35] error E11000 duplicate key error collection: ecommerce.products index: code_1 dup key: { code: null }
[2023-12-04 00:03:53] error E11000 duplicate key error collection: ecommerce.products index: code_1 dup key: { code: null }
[2023-12-04 00:04:38] error E11000 duplicate key error collection: ecommerce.products index: code_1 dup key: { code: null }
[2023-12-04 00:05:55] error E11000 duplicate key error collection: ecommerce.products index: code_1 dup key: { code: null }
[2023-12-04 00:10:32] error E11000 duplicate key error collection: ecommerce.products index: code_1 dup key: { code: null }
[2023-12-04 00:12:36] error E11000 duplicate key error collection: ecommerce.products index: code_1 dup key: { code: null }
[2023-12-04 00:13:07] error E11000 duplicate key error collection: ecommerce.products index: code_1 dup key: { code: null }
[2023-12-04 00:15:23] error E11000 duplicate key error collection: ecommerce.products index: code_1 dup key: { code: null }
[2023-12-04 00:18:24] error E11000 duplicate key error collection: ecommerce.products index: code_1 dup key: { code: null }
[2023-12-04 00:18:37] error E11000 duplicate key error collection: ecommerce.products index: code_1 dup key: { code: null }
[2023-12-04 00:23:31] error E11000 duplicate key error collection: ecommerce.products index: code_1 dup key: { code: null }
[2023-12-04 00:26:59] error E11000 duplicate key error collection: ecommerce.products index: code_1 dup key: { code: null }
[2023-12-04 00:28:26] error E11000 duplicate key error collection: ecommerce.products index: code_1 dup key: { code: null }
[2023-12-04 00:30:33] error E11000 duplicate key error collection: ecommerce.products index: code_1 dup key: { code: null }
[2023-12-04 00:31:41] error E11000 duplicate key error collection: ecommerce.products index: code_1 dup key: { code: null }
[2023-12-04 00:35:07] error E11000 duplicate key error collection: ecommerce.products index: code_1 dup key: { code: null }
[2023-12-04 00:35:17] error E11000 duplicate key error collection: ecommerce.products index: code_1 dup key: { code: null }
[2023-12-04 06:57:29] error E11000 duplicate key error collection: ecommerce.products index: code_1 dup key: { code: null }
[2023-12-04 07:12:10] error service is not defined
[2023-12-04 07:13:54] error error en user.comtroller  service is not defined
[2023-12-04 07:41:33] error error en getById user.controller Cannot destructure property 'id' of 'req.params._id' as it is undefined.
[2023-12-04 07:42:00] error error en getById user.controller Cannot read properties of undefined (reading 'service')
[2023-12-04 07:42:24] error error en getById user.controller Cannot read properties of undefined (reading 'service')
[2023-12-04 07:42:58] error error en getById user.controller Cannot read properties of undefined (reading 'service')
[2023-12-04 07:43:33] error error en getById user.controller Cannot read properties of undefined (reading 'service')
[2023-12-04 07:43:52] error error en getById user.controller createResponse is not defined
[2023-12-04 07:44:15] error error en getById user.controller Cannot destructure property 'id' of 'req.params._id' as it is undefined.
[2023-12-04 07:44:47] error error en getById user.controller Cannot destructure property 'id' of 'req.params.user' as it is undefined.
[2023-12-04 07:45:12] error error en getById user.controller createResponse is not defined
[2023-12-04 07:46:29] error error en getById user.controller createResponse is not defined
[2023-12-04 07:47:05] error Cast to ObjectId failed for value "{ id: '654294d10411cc2861600fb7' }" (type Object) at path "_id" for model "users"
[2023-12-04 07:47:05] error CastError: Cast to ObjectId failed for value "{ id: '654294d10411cc2861600fb7' }" (type Object) at path "_id" for model "users"
[2023-12-04 07:47:05] error error en getById user.controller createResponse is not defined
[2023-12-04 07:47:46] error error en getById user.controller createResponse is not defined
[2023-12-04 07:47:59] error Cast to ObjectId failed for value "{ id: '654294d10411cc2861600fb7' }" (type Object) at path "_id" for model "users"
[2023-12-04 07:47:59] error CastError: Cast to ObjectId failed for value "{ id: '654294d10411cc2861600fb7' }" (type Object) at path "_id" for model "users"
[2023-12-04 07:47:59] error error en getById user.controller createResponse is not defined
[2023-12-04 07:52:14] error error en getById user.controller createResponse is not defined
[2023-12-04 07:55:51] error error en getById user.controller createResponse is not defined
[2023-12-04 07:58:58] error error en getById user.controller createResponse is not defined
[2023-12-04 07:59:23] error Cast to ObjectId failed for value "{ _id: { _id: '654294d10411cc2861600fb7' } }" (type Object) at path "_id" for model "users"
[2023-12-04 07:59:23] error CastError: Cast to ObjectId failed for value "{ _id: { _id: '654294d10411cc2861600fb7' } }" (type Object) at path "_id" for model "users"
[2023-12-04 07:59:23] error error en getById user.controller createResponse is not defined
[2023-12-04 08:00:21] error error en getById user.controller createResponse is not defined
[2023-12-04 08:02:48] error error en getById user.controller Cannot access 'id' before initialization
[2023-12-04 08:05:18] error Cast to ObjectId failed for value "{ _id: undefined }" (type Object) at path "_id" for model "users"
[2023-12-04 08:05:18] error CastError: Cast to ObjectId failed for value "{ _id: undefined }" (type Object) at path "_id" for model "users"
[2023-12-04 08:05:18] error error en getById user.controller createResponse is not defined
[2023-12-04 08:05:56] error error en getById user.controller createResponse is not defined
[2023-12-04 18:42:32] error en el register en user.controllers
[2023-12-05 00:14:38] error 🚫Cannot connect to database dbConnectionMongooseError: The `uri` parameter to `openUri()` must be a string, got "undefined". Make sure the first parameter to `mongoose.connect()` or `mongoose.createConnection()` is a string.
[2023-12-05 19:18:01] error Cast to ObjectId failed for value "{ _id: 'profile' }" (type Object) at path "_id" for model "users"
[2023-12-05 19:18:01] error CastError: Cast to ObjectId failed for value "{ _id: 'profile' }" (type Object) at path "_id" for model "users"
[2023-12-05 19:18:14] error Cast to ObjectId failed for value "{ _id: 'profile' }" (type Object) at path "_id" for model "users"
[2023-12-05 19:18:14] error CastError: Cast to ObjectId failed for value "{ _id: 'profile' }" (type Object) at path "_id" for model "users"
[2023-12-05 22:36:31] error E11000 duplicate key error collection: ecommerce.products index: code_1 dup key: { code: null }
[2023-12-05 22:37:49] error E11000 duplicate key error collection: ecommerce.products index: code_1 dup key: { code: null }
[2023-12-05 22:40:26] error E11000 duplicate key error collection: ecommerce.products index: code_1 dup key: { code: null }
[2023-12-05 23:28:20] error Error en la busqueda de producto por ID
[2023-12-05 23:28:27] error Error en la busqueda de producto por ID
[2023-12-05 23:29:34] error Error en la busqueda de producto por ID en product.controller. 
[2023-12-05 23:30:09] error Error en la busqueda de producto por ID en product.controller. 
[2023-12-05 23:30:22] error Error en la busqueda de producto por ID en product.controller. 
[2023-12-05 23:31:00] error Error en la busqueda de producto por ID en product.controller. 
[2023-12-05 23:32:44] error Error en la busqueda de producto por ID en product.controller. 
[2023-12-05 23:35:14] error Error en la busqueda de producto por ID en product.controller. 
[2023-12-05 23:35:43] error Error en la busqueda de producto por ID en product.controller. 
[2023-12-05 23:37:44] error Error en la busqueda de producto por ID en product.controller. 
[2023-12-05 23:39:56] error Error en la busqueda de producto por ID en product.controller. 
[2023-12-05 23:39:59] error Error en la busqueda de producto por ID en product.controller. 
[2023-12-05 23:42:57] error Error en la busqueda de producto por ID en product.controller. 
[2023-12-05 23:42:58] error Error en la busqueda de producto por ID en product.controller. 
[2023-12-05 23:42:59] error Error en la busqueda de producto por ID en product.controller. 
[2023-12-05 23:43:05] error Error en la busqueda de producto por ID en product.controller. 
[2023-12-05 23:43:32] error Error en la busqueda de producto por ID en product.controller. 
[2023-12-06 06:50:28] error Error en la busqueda de producto por ID en product.controller. 
[2023-12-06 06:51:09] error Error en la busqueda de producto por ID en product.controller. 
[2023-12-06 06:52:37] error Error en la busqueda de producto por ID en product.controller. 
[2023-12-06 06:53:16] error Error en la busqueda de producto por ID en product.controller. 
[2023-12-06 06:54:20] error Error en la busqueda de producto por ID en product.controller. 
[2023-12-06 06:55:02] error Error en la busqueda de producto por ID en product.controller. 
[2023-12-06 07:30:43] error Error en la busqueda de producto por ID en product.controller. 
[2023-12-06 07:30:43] error Error en la busqueda de producto por ID en product.controller. 
[2023-12-06 07:30:47] error Error en la busqueda de producto por ID en product.controller. 
[2023-12-06 07:39:11] error Error en la busqueda de producto por ID en product.controller. 
[2023-12-06 07:39:15] error Error en la busqueda de producto por ID en product.controller. 
[2023-12-06 08:08:42] error en el register en user.controllers
[2023-12-06 08:40:06] error TypeError: Cannot destructure property 'email' of 'user' as it is undefined.
[2023-12-06 16:29:47] error TypeError: Cannot destructure property 'email' of 'user' as it is undefined.
[2023-12-06 16:32:40] error TypeError: Cannot destructure property 'email' of 'user' as it is undefined.
[2023-12-06 16:35:25] error TypeError: Cannot destructure property 'email' of 'user' as it is undefined.
[2023-12-06 16:36:00] error TypeError: Cannot destructure property 'email' of 'user' as it is undefined.
[2023-12-06 16:36:24] error TypeError: Cannot destructure property 'email' of 'user' as it is undefined.
[2023-12-06 16:38:00] error TypeError: Cannot destructure property 'email' of 'user' as it is undefined.
[2023-12-06 16:38:00] error undefined
[2023-12-06 17:03:03] error ReferenceError: req is not defined
[2023-12-06 17:03:03] error undefined
[2023-12-06 17:04:51] error TypeError: UserModel.getByEmail is not a function
[2023-12-06 17:04:51] error undefined
[2023-12-06 17:06:53] error TypeError: Cannot destructure property 'email' of 'user' as it is undefined.
[2023-12-06 17:06:53] error undefined
[2023-12-06 17:06:54] error TypeError: Cannot destructure property 'email' of 'user' as it is undefined.
[2023-12-06 17:06:54] error undefined
[2023-12-06 17:06:55] error TypeError: Cannot destructure property 'email' of 'user' as it is undefined.
[2023-12-06 17:06:55] error undefined
[2023-12-06 17:10:27] error TypeError: Cannot destructure property 'email' of 'user' as it is undefined.
[2023-12-06 17:10:27] error undefined
[2023-12-06 17:10:28] error TypeError: Cannot destructure property 'email' of 'user' as it is undefined.
[2023-12-06 17:10:28] error undefined
[2023-12-06 17:10:29] error TypeError: Cannot destructure property 'email' of 'user' as it is undefined.
[2023-12-06 17:10:29] error undefined
[2023-12-06 17:10:30] error TypeError: Cannot destructure property 'email' of 'user' as it is undefined.
[2023-12-06 17:10:30] error undefined
[2023-12-06 17:10:30] error TypeError: Cannot destructure property 'email' of 'user' as it is undefined.
[2023-12-06 17:10:30] error undefined
[2023-12-06 17:12:02] error TypeError: Cannot destructure property 'email' of 'user' as it is undefined.
[2023-12-06 17:12:02] error undefined
[2023-12-06 17:13:04] error TypeError: Cannot destructure property 'email' of 'user' as it is undefined.
[2023-12-06 17:13:04] error undefined
[2023-12-06 17:20:35] error TypeError: Cannot destructure property 'email' of 'user' as it is undefined.
[2023-12-06 17:20:35] error undefined
[2023-12-06 17:21:08] error TypeError: Cannot destructure property 'email' of 'user' as it is undefined.
[2023-12-06 17:21:08] error undefined
[2023-12-06 17:22:06] error TypeError: Cannot destructure property 'email' of 'user' as it is undefined.
[2023-12-06 17:22:06] error undefined
[2023-12-06 17:22:43] error TypeError: Cannot destructure property 'email' of 'user' as it is undefined.
[2023-12-06 17:22:43] error undefined
[2023-12-06 17:25:37] error TypeError: Cannot destructure property 'email' of 'user' as it is undefined.
[2023-12-06 17:25:37] error undefined
